<?xml version="1.0" encoding="UTF-8"?>
<!-- Generated by org.testng.reporters.JUnitReportReporter -->
<testsuite hostname="DESKTOP-MJ0SAQN" failures="0" tests="1" name="in.orangeHRM.baseclass.Ex" time="0.210" errors="0" timestamp="2023-01-24T11:37:45 IST" skipped="0">
  <testcase classname="in.orangeHRM.baseclass.Ex" name="test" time="0.210"/>
  <system-out/>
</testsuite> <!-- in.orangeHRM.baseclass.Ex -->
